[03/23 21:58:31] [INFO   ] org.mutationtesting.major.plugin.MajorPluginTaskListener.<init>:
    Created MajorPluginTaskListener with options: [mml:../mml/all.mml.bin]
[03/23 21:58:32] [INFO   ] org.mutationtesting.major.mutation.Mutator.initOperatorSymbols:
    Initializing operator symbols for opcode mapping
[03/23 21:58:32] [INFO   ] org.mutationtesting.major.mutation.Mutator.mutateTree:
    Mutating tree: Env[AttrContext[Scope[super, this]],outer=Env[AttrContext[Scope[Lab3.UpgradedTriangle]]]]
[03/23 21:58:32] [INFO   ] org.mutationtesting.major.mutation.Mutator.visitClassDef:
    CLASS: Lab3.UpgradedTriangle
[03/23 21:58:32] [INFO   ] org.mutationtesting.major.mutation.Mutator.visitMethodDef:
    METHOD: <init>([])null
[03/23 21:58:32] [INFO   ] org.mutationtesting.major.mutation.Mutator.visitClassDef:
    CLASS: Lab3.UpgradedTriangle$Type
[03/23 21:58:32] [INFO   ] org.mutationtesting.major.mutation.Mutator.visitMethodDef:
    METHOD: <init>([])null
[03/23 21:58:32] [INFO   ] org.mutationtesting.major.mutation.Mutator.visitMethodDef:
    METHOD: classify([int a, int b, int c])Type
[03/23 21:58:32] [INFO   ] org.mutationtesting.major.mutation.Mutator.nextMutant:
    Creating mutant 1
[03/23 21:58:32] [INFO   ] org.mutationtesting.major.mutation.Mutator.logMutant:
    Logging mutant 1: UpgradedTriangle.classify(line 10, col 15)
            mutation operator group:   ROR
            mutation operator:         <=(int,int) |==> <(int,int)
            original:                  a <= 0 
            mutant:                    a < 0
[03/23 21:58:32] [INFO   ] org.mutationtesting.major.mutation.Mutator.nextMutant:
    Creating mutant 2
[03/23 21:58:32] [INFO   ] org.mutationtesting.major.mutation.Mutator.logMutant:
    Logging mutant 2: UpgradedTriangle.classify(line 10, col 15)
            mutation operator group:   ROR
            mutation operator:         <=(int,int) |==> ==(int,int)
            original:                  a <= 0 
            mutant:                    a == 0
[03/23 21:58:32] [INFO   ] org.mutationtesting.major.mutation.Mutator.nextMutant:
    Creating mutant 3
[03/23 21:58:32] [INFO   ] org.mutationtesting.major.mutation.Mutator.logMutant:
    Logging mutant 3: UpgradedTriangle.classify(line 10, col 15)
            mutation operator group:   ROR
            mutation operator:         <=(int,int) |==> TRUE(int,int)
            original:                  a <= 0 
            mutant:                    true
[03/23 21:58:32] [INFO   ] org.mutationtesting.major.mutation.Mutator.nextMutant:
    Creating mutant 4
[03/23 21:58:32] [INFO   ] org.mutationtesting.major.mutation.Mutator.logMutant:
    Logging mutant 4: UpgradedTriangle.classify(line 10, col 25)
            mutation operator group:   ROR
            mutation operator:         <=(int,int) |==> <(int,int)
            original:                  b <= 0 
            mutant:                    b < 0
[03/23 21:58:32] [INFO   ] org.mutationtesting.major.mutation.Mutator.nextMutant:
    Creating mutant 5
[03/23 21:58:32] [INFO   ] org.mutationtesting.major.mutation.Mutator.logMutant:
    Logging mutant 5: UpgradedTriangle.classify(line 10, col 25)
            mutation operator group:   ROR
            mutation operator:         <=(int,int) |==> ==(int,int)
            original:                  b <= 0 
            mutant:                    b == 0
[03/23 21:58:32] [INFO   ] org.mutationtesting.major.mutation.Mutator.nextMutant:
    Creating mutant 6
[03/23 21:58:32] [INFO   ] org.mutationtesting.major.mutation.Mutator.logMutant:
    Logging mutant 6: UpgradedTriangle.classify(line 10, col 25)
            mutation operator group:   ROR
            mutation operator:         <=(int,int) |==> TRUE(int,int)
            original:                  b <= 0 
            mutant:                    true
[03/23 21:58:32] [INFO   ] org.mutationtesting.major.mutation.Mutator.nextMutant:
    Creating mutant 7
[03/23 21:58:32] [INFO   ] org.mutationtesting.major.mutation.Mutator.logMutant:
    Logging mutant 7: UpgradedTriangle.classify(line 10, col 20)
            mutation operator group:   COR
            mutation operator:         ||(boolean,boolean) |==> !=(boolean,boolean)
            original:                  a <= 0 || b <= 0 
            mutant:                    a <= 0 != b <= 0
[03/23 21:58:32] [INFO   ] org.mutationtesting.major.mutation.Mutator.nextMutant:
    Creating mutant 8
[03/23 21:58:32] [INFO   ] org.mutationtesting.major.mutation.Mutator.logMutant:
    Logging mutant 8: UpgradedTriangle.classify(line 10, col 15)
            mutation operator group:   COR
            mutation operator:         ||(boolean,boolean) |==> LHS(boolean,boolean)
            original:                  a <= 0 || b <= 0 
            mutant:                    a <= 0
[03/23 21:58:32] [INFO   ] org.mutationtesting.major.mutation.Mutator.nextMutant:
    Creating mutant 9
[03/23 21:58:32] [INFO   ] org.mutationtesting.major.mutation.Mutator.logMutant:
    Logging mutant 9: UpgradedTriangle.classify(line 10, col 25)
            mutation operator group:   COR
            mutation operator:         ||(boolean,boolean) |==> RHS(boolean,boolean)
            original:                  a <= 0 || b <= 0 
            mutant:                    b <= 0
[03/23 21:58:32] [INFO   ] org.mutationtesting.major.mutation.Mutator.nextMutant:
    Creating mutant 10
[03/23 21:58:32] [INFO   ] org.mutationtesting.major.mutation.Mutator.logMutant:
    Logging mutant 10: UpgradedTriangle.classify(line 10, col 20)
            mutation operator group:   COR
            mutation operator:         ||(boolean,boolean) |==> TRUE(boolean,boolean)
            original:                  a <= 0 || b <= 0 
            mutant:                    true
[03/23 21:58:32] [INFO   ] org.mutationtesting.major.mutation.Mutator.nextMutant:
    Creating mutant 11
[03/23 21:58:32] [INFO   ] org.mutationtesting.major.mutation.Mutator.logMutant:
    Logging mutant 11: UpgradedTriangle.classify(line 10, col 35)
            mutation operator group:   ROR
            mutation operator:         <=(int,int) |==> <(int,int)
            original:                  c <= 0 
            mutant:                    c < 0
[03/23 21:58:32] [INFO   ] org.mutationtesting.major.mutation.Mutator.nextMutant:
    Creating mutant 12
[03/23 21:58:32] [INFO   ] org.mutationtesting.major.mutation.Mutator.logMutant:
    Logging mutant 12: UpgradedTriangle.classify(line 10, col 35)
            mutation operator group:   ROR
            mutation operator:         <=(int,int) |==> ==(int,int)
            original:                  c <= 0 
            mutant:                    c == 0
[03/23 21:58:32] [INFO   ] org.mutationtesting.major.mutation.Mutator.nextMutant:
    Creating mutant 13
[03/23 21:58:32] [INFO   ] org.mutationtesting.major.mutation.Mutator.logMutant:
    Logging mutant 13: UpgradedTriangle.classify(line 10, col 35)
            mutation operator group:   ROR
            mutation operator:         <=(int,int) |==> TRUE(int,int)
            original:                  c <= 0 
            mutant:                    true
[03/23 21:58:32] [INFO   ] org.mutationtesting.major.mutation.Mutator.nextMutant:
    Creating mutant 14
[03/23 21:58:32] [INFO   ] org.mutationtesting.major.mutation.Mutator.logMutant:
    Logging mutant 14: UpgradedTriangle.classify(line 10, col 30)
            mutation operator group:   COR
            mutation operator:         ||(boolean,boolean) |==> !=(boolean,boolean)
            original:                  a <= 0 || b <= 0 || c <= 0 
            mutant:                    (a <= 0 || b <= 0) != c <= 0
[03/23 21:58:32] [INFO   ] org.mutationtesting.major.mutation.Mutator.nextMutant:
    Creating mutant 15
[03/23 21:58:32] [INFO   ] org.mutationtesting.major.mutation.Mutator.logMutant:
    Logging mutant 15: UpgradedTriangle.classify(line 10, col 20)
            mutation operator group:   COR
            mutation operator:         ||(boolean,boolean) |==> LHS(boolean,boolean)
            original:                  a <= 0 || b <= 0 || c <= 0 
            mutant:                    a <= 0 || b <= 0
[03/23 21:58:32] [INFO   ] org.mutationtesting.major.mutation.Mutator.nextMutant:
    Creating mutant 16
[03/23 21:58:32] [INFO   ] org.mutationtesting.major.mutation.Mutator.logMutant:
    Logging mutant 16: UpgradedTriangle.classify(line 10, col 35)
            mutation operator group:   COR
            mutation operator:         ||(boolean,boolean) |==> RHS(boolean,boolean)
            original:                  a <= 0 || b <= 0 || c <= 0 
            mutant:                    c <= 0
[03/23 21:58:32] [INFO   ] org.mutationtesting.major.mutation.Mutator.nextMutant:
    Creating mutant 17
[03/23 21:58:32] [INFO   ] org.mutationtesting.major.mutation.Mutator.logMutant:
    Logging mutant 17: UpgradedTriangle.classify(line 10, col 30)
            mutation operator group:   COR
            mutation operator:         ||(boolean,boolean) |==> TRUE(boolean,boolean)
            original:                  a <= 0 || b <= 0 || c <= 0 
            mutant:                    true
[03/23 21:58:32] [INFO   ] org.mutationtesting.major.mutation.Mutator.nextMutant:
    Creating mutant 18
[03/23 21:58:32] [INFO   ] org.mutationtesting.major.mutation.Mutator.logMutantSTD:
    Logging mutantSTD 18: (STD) return Type.INVALID; -> <NO-OP>
[03/23 21:58:32] [INFO   ] org.mutationtesting.major.mutation.Mutator.nextMutant:
    Creating mutant 19
[03/23 21:58:32] [INFO   ] org.mutationtesting.major.mutation.Mutator.logMutant:
    Logging mutant 19: UpgradedTriangle.classify(line 13, col 15)
            mutation operator group:   ROR
            mutation operator:         ==(int,int) |==> <=(int,int)
            original:                  a == b 
            mutant:                    a <= b
[03/23 21:58:32] [INFO   ] org.mutationtesting.major.mutation.Mutator.nextMutant:
    Creating mutant 20
[03/23 21:58:32] [INFO   ] org.mutationtesting.major.mutation.Mutator.logMutant:
    Logging mutant 20: UpgradedTriangle.classify(line 13, col 15)
            mutation operator group:   ROR
            mutation operator:         ==(int,int) |==> >=(int,int)
            original:                  a == b 
            mutant:                    a >= b
[03/23 21:58:32] [INFO   ] org.mutationtesting.major.mutation.Mutator.nextMutant:
    Creating mutant 21
[03/23 21:58:32] [INFO   ] org.mutationtesting.major.mutation.Mutator.logMutant:
    Logging mutant 21: UpgradedTriangle.classify(line 13, col 15)
            mutation operator group:   ROR
            mutation operator:         ==(int,int) |==> FALSE(int,int)
            original:                  a == b 
            mutant:                    false
[03/23 21:58:32] [INFO   ] org.mutationtesting.major.mutation.Mutator.nextMutant:
    Creating mutant 22
[03/23 21:58:32] [INFO   ] org.mutationtesting.major.mutation.Mutator.logMutant:
    Logging mutant 22: UpgradedTriangle.classify(line 14, col 27)
            mutation operator group:   AOR
            mutation operator:         +(int,int) |==> %(int,int)
            original:                  trian + 1 
            mutant:                    trian % 1
[03/23 21:58:32] [INFO   ] org.mutationtesting.major.mutation.Mutator.nextMutant:
    Creating mutant 23
[03/23 21:58:32] [INFO   ] org.mutationtesting.major.mutation.Mutator.logMutant:
    Logging mutant 23: UpgradedTriangle.classify(line 14, col 27)
            mutation operator group:   AOR
            mutation operator:         +(int,int) |==> *(int,int)
            original:                  trian + 1 
            mutant:                    trian * 1
[03/23 21:58:32] [INFO   ] org.mutationtesting.major.mutation.Mutator.nextMutant:
    Creating mutant 24
[03/23 21:58:32] [INFO   ] org.mutationtesting.major.mutation.Mutator.logMutant:
    Logging mutant 24: UpgradedTriangle.classify(line 14, col 27)
            mutation operator group:   AOR
            mutation operator:         +(int,int) |==> -(int,int)
            original:                  trian + 1 
            mutant:                    trian - 1
[03/23 21:58:32] [INFO   ] org.mutationtesting.major.mutation.Mutator.nextMutant:
    Creating mutant 25
[03/23 21:58:32] [INFO   ] org.mutationtesting.major.mutation.Mutator.logMutant:
    Logging mutant 25: UpgradedTriangle.classify(line 14, col 27)
            mutation operator group:   AOR
            mutation operator:         +(int,int) |==> /(int,int)
            original:                  trian + 1 
            mutant:                    trian / 1
[03/23 21:58:32] [INFO   ] org.mutationtesting.major.mutation.Mutator.nextMutant:
    Creating mutant 26
[03/23 21:58:32] [INFO   ] org.mutationtesting.major.mutation.Mutator.logMutantSTD:
    Logging mutantSTD 26: (STD) trian = trian + 1; -> <NO-OP>
[03/23 21:58:32] [INFO   ] org.mutationtesting.major.mutation.Mutator.nextMutant:
    Creating mutant 27
[03/23 21:58:32] [INFO   ] org.mutationtesting.major.mutation.Mutator.logMutant:
    Logging mutant 27: UpgradedTriangle.classify(line 15, col 15)
            mutation operator group:   ROR
            mutation operator:         ==(int,int) |==> <=(int,int)
            original:                  a == c 
            mutant:                    a <= c
[03/23 21:58:32] [INFO   ] org.mutationtesting.major.mutation.Mutator.nextMutant:
    Creating mutant 28
[03/23 21:58:32] [INFO   ] org.mutationtesting.major.mutation.Mutator.logMutant:
    Logging mutant 28: UpgradedTriangle.classify(line 15, col 15)
            mutation operator group:   ROR
            mutation operator:         ==(int,int) |==> >=(int,int)
            original:                  a == c 
            mutant:                    a >= c
[03/23 21:58:32] [INFO   ] org.mutationtesting.major.mutation.Mutator.nextMutant:
    Creating mutant 29
[03/23 21:58:32] [INFO   ] org.mutationtesting.major.mutation.Mutator.logMutant:
    Logging mutant 29: UpgradedTriangle.classify(line 15, col 15)
            mutation operator group:   ROR
            mutation operator:         ==(int,int) |==> FALSE(int,int)
            original:                  a == c 
            mutant:                    false
[03/23 21:58:32] [INFO   ] org.mutationtesting.major.mutation.Mutator.nextMutant:
    Creating mutant 30
[03/23 21:58:32] [INFO   ] org.mutationtesting.major.mutation.Mutator.logMutant:
    Logging mutant 30: UpgradedTriangle.classify(line 16, col 27)
            mutation operator group:   AOR
            mutation operator:         +(int,int) |==> %(int,int)
            original:                  trian + 2 
            mutant:                    trian % 2
[03/23 21:58:32] [INFO   ] org.mutationtesting.major.mutation.Mutator.nextMutant:
    Creating mutant 31
[03/23 21:58:32] [INFO   ] org.mutationtesting.major.mutation.Mutator.logMutant:
    Logging mutant 31: UpgradedTriangle.classify(line 16, col 27)
            mutation operator group:   AOR
            mutation operator:         +(int,int) |==> *(int,int)
            original:                  trian + 2 
            mutant:                    trian * 2
[03/23 21:58:32] [INFO   ] org.mutationtesting.major.mutation.Mutator.nextMutant:
    Creating mutant 32
[03/23 21:58:32] [INFO   ] org.mutationtesting.major.mutation.Mutator.logMutant:
    Logging mutant 32: UpgradedTriangle.classify(line 16, col 27)
            mutation operator group:   AOR
            mutation operator:         +(int,int) |==> -(int,int)
            original:                  trian + 2 
            mutant:                    trian - 2
[03/23 21:58:32] [INFO   ] org.mutationtesting.major.mutation.Mutator.nextMutant:
    Creating mutant 33
[03/23 21:58:32] [INFO   ] org.mutationtesting.major.mutation.Mutator.logMutant:
    Logging mutant 33: UpgradedTriangle.classify(line 16, col 27)
            mutation operator group:   AOR
            mutation operator:         +(int,int) |==> /(int,int)
            original:                  trian + 2 
            mutant:                    trian / 2
[03/23 21:58:32] [INFO   ] org.mutationtesting.major.mutation.Mutator.nextMutant:
    Creating mutant 34
[03/23 21:58:32] [INFO   ] org.mutationtesting.major.mutation.Mutator.logMutantSTD:
    Logging mutantSTD 34: (STD) trian = trian + 2; -> <NO-OP>
[03/23 21:58:32] [INFO   ] org.mutationtesting.major.mutation.Mutator.nextMutant:
    Creating mutant 35
[03/23 21:58:32] [INFO   ] org.mutationtesting.major.mutation.Mutator.logMutant:
    Logging mutant 35: UpgradedTriangle.classify(line 17, col 15)
            mutation operator group:   ROR
            mutation operator:         ==(int,int) |==> <=(int,int)
            original:                  b == c 
            mutant:                    b <= c
[03/23 21:58:32] [INFO   ] org.mutationtesting.major.mutation.Mutator.nextMutant:
    Creating mutant 36
[03/23 21:58:32] [INFO   ] org.mutationtesting.major.mutation.Mutator.logMutant:
    Logging mutant 36: UpgradedTriangle.classify(line 17, col 15)
            mutation operator group:   ROR
            mutation operator:         ==(int,int) |==> >=(int,int)
            original:                  b == c 
            mutant:                    b >= c
[03/23 21:58:32] [INFO   ] org.mutationtesting.major.mutation.Mutator.nextMutant:
    Creating mutant 37
[03/23 21:58:32] [INFO   ] org.mutationtesting.major.mutation.Mutator.logMutant:
    Logging mutant 37: UpgradedTriangle.classify(line 17, col 15)
            mutation operator group:   ROR
            mutation operator:         ==(int,int) |==> FALSE(int,int)
            original:                  b == c 
            mutant:                    false
[03/23 21:58:32] [INFO   ] org.mutationtesting.major.mutation.Mutator.nextMutant:
    Creating mutant 38
[03/23 21:58:32] [INFO   ] org.mutationtesting.major.mutation.Mutator.logMutant:
    Logging mutant 38: UpgradedTriangle.classify(line 18, col 27)
            mutation operator group:   AOR
            mutation operator:         +(int,int) |==> %(int,int)
            original:                  trian + 3 
            mutant:                    trian % 3
[03/23 21:58:32] [INFO   ] org.mutationtesting.major.mutation.Mutator.nextMutant:
    Creating mutant 39
[03/23 21:58:32] [INFO   ] org.mutationtesting.major.mutation.Mutator.logMutant:
    Logging mutant 39: UpgradedTriangle.classify(line 18, col 27)
            mutation operator group:   AOR
            mutation operator:         +(int,int) |==> *(int,int)
            original:                  trian + 3 
            mutant:                    trian * 3
[03/23 21:58:32] [INFO   ] org.mutationtesting.major.mutation.Mutator.nextMutant:
    Creating mutant 40
[03/23 21:58:32] [INFO   ] org.mutationtesting.major.mutation.Mutator.logMutant:
    Logging mutant 40: UpgradedTriangle.classify(line 18, col 27)
            mutation operator group:   AOR
            mutation operator:         +(int,int) |==> -(int,int)
            original:                  trian + 3 
            mutant:                    trian - 3
[03/23 21:58:32] [INFO   ] org.mutationtesting.major.mutation.Mutator.nextMutant:
    Creating mutant 41
[03/23 21:58:32] [INFO   ] org.mutationtesting.major.mutation.Mutator.logMutant:
    Logging mutant 41: UpgradedTriangle.classify(line 18, col 27)
            mutation operator group:   AOR
            mutation operator:         +(int,int) |==> /(int,int)
            original:                  trian + 3 
            mutant:                    trian / 3
[03/23 21:58:32] [INFO   ] org.mutationtesting.major.mutation.Mutator.nextMutant:
    Creating mutant 42
[03/23 21:58:32] [INFO   ] org.mutationtesting.major.mutation.Mutator.logMutantSTD:
    Logging mutantSTD 42: (STD) trian = trian + 3; -> <NO-OP>
[03/23 21:58:32] [INFO   ] org.mutationtesting.major.mutation.Mutator.nextMutant:
    Creating mutant 43
[03/23 21:58:32] [INFO   ] org.mutationtesting.major.mutation.Mutator.logMutant:
    Logging mutant 43: UpgradedTriangle.classify(line 19, col 19)
            mutation operator group:   ROR
            mutation operator:         ==(int,int) |==> <=(int,int)
            original:                  trian == 0 
            mutant:                    trian <= 0
[03/23 21:58:32] [INFO   ] org.mutationtesting.major.mutation.Mutator.nextMutant:
    Creating mutant 44
[03/23 21:58:32] [INFO   ] org.mutationtesting.major.mutation.Mutator.logMutant:
    Logging mutant 44: UpgradedTriangle.classify(line 19, col 19)
            mutation operator group:   ROR
            mutation operator:         ==(int,int) |==> >=(int,int)
            original:                  trian == 0 
            mutant:                    trian >= 0
[03/23 21:58:32] [INFO   ] org.mutationtesting.major.mutation.Mutator.nextMutant:
    Creating mutant 45
[03/23 21:58:32] [INFO   ] org.mutationtesting.major.mutation.Mutator.logMutant:
    Logging mutant 45: UpgradedTriangle.classify(line 19, col 19)
            mutation operator group:   ROR
            mutation operator:         ==(int,int) |==> FALSE(int,int)
            original:                  trian == 0 
            mutant:                    false
[03/23 21:58:32] [INFO   ] org.mutationtesting.major.mutation.Mutator.nextMutant:
    Creating mutant 46
[03/23 21:58:32] [INFO   ] org.mutationtesting.major.mutation.Mutator.logMutant:
    Logging mutant 46: UpgradedTriangle.classify(line 20, col 19)
            mutation operator group:   AOR
            mutation operator:         +(int,int) |==> %(int,int)
            original:                  a + b 
            mutant:                    a % b
[03/23 21:58:32] [INFO   ] org.mutationtesting.major.mutation.Mutator.nextMutant:
    Creating mutant 47
[03/23 21:58:32] [INFO   ] org.mutationtesting.major.mutation.Mutator.logMutant:
    Logging mutant 47: UpgradedTriangle.classify(line 20, col 19)
            mutation operator group:   AOR
            mutation operator:         +(int,int) |==> *(int,int)
            original:                  a + b 
            mutant:                    a * b
[03/23 21:58:32] [INFO   ] org.mutationtesting.major.mutation.Mutator.nextMutant:
    Creating mutant 48
[03/23 21:58:32] [INFO   ] org.mutationtesting.major.mutation.Mutator.logMutant:
    Logging mutant 48: UpgradedTriangle.classify(line 20, col 19)
            mutation operator group:   AOR
            mutation operator:         +(int,int) |==> -(int,int)
            original:                  a + b 
            mutant:                    a - b
[03/23 21:58:32] [INFO   ] org.mutationtesting.major.mutation.Mutator.nextMutant:
    Creating mutant 49
[03/23 21:58:32] [INFO   ] org.mutationtesting.major.mutation.Mutator.logMutant:
    Logging mutant 49: UpgradedTriangle.classify(line 20, col 19)
            mutation operator group:   AOR
            mutation operator:         +(int,int) |==> /(int,int)
            original:                  a + b 
            mutant:                    a / b
[03/23 21:58:32] [INFO   ] org.mutationtesting.major.mutation.Mutator.nextMutant:
    Creating mutant 50
[03/23 21:58:32] [INFO   ] org.mutationtesting.major.mutation.Mutator.logMutant:
    Logging mutant 50: UpgradedTriangle.classify(line 20, col 23)
            mutation operator group:   ROR
            mutation operator:         <=(int,int) |==> <(int,int)
            original:                  a + b <= c 
            mutant:                    a + b < c
[03/23 21:58:32] [INFO   ] org.mutationtesting.major.mutation.Mutator.nextMutant:
    Creating mutant 51
[03/23 21:58:32] [INFO   ] org.mutationtesting.major.mutation.Mutator.logMutant:
    Logging mutant 51: UpgradedTriangle.classify(line 20, col 23)
            mutation operator group:   ROR
            mutation operator:         <=(int,int) |==> ==(int,int)
            original:                  a + b <= c 
            mutant:                    a + b == c
[03/23 21:58:32] [INFO   ] org.mutationtesting.major.mutation.Mutator.nextMutant:
    Creating mutant 52
[03/23 21:58:32] [INFO   ] org.mutationtesting.major.mutation.Mutator.logMutant:
    Logging mutant 52: UpgradedTriangle.classify(line 20, col 23)
            mutation operator group:   ROR
            mutation operator:         <=(int,int) |==> TRUE(int,int)
            original:                  a + b <= c 
            mutant:                    true
[03/23 21:58:32] [INFO   ] org.mutationtesting.major.mutation.Mutator.nextMutant:
    Creating mutant 53
[03/23 21:58:32] [INFO   ] org.mutationtesting.major.mutation.Mutator.logMutant:
    Logging mutant 53: UpgradedTriangle.classify(line 20, col 33)
            mutation operator group:   AOR
            mutation operator:         +(int,int) |==> %(int,int)
            original:                  a + c 
            mutant:                    a % c
[03/23 21:58:32] [INFO   ] org.mutationtesting.major.mutation.Mutator.nextMutant:
    Creating mutant 54
[03/23 21:58:32] [INFO   ] org.mutationtesting.major.mutation.Mutator.logMutant:
    Logging mutant 54: UpgradedTriangle.classify(line 20, col 33)
            mutation operator group:   AOR
            mutation operator:         +(int,int) |==> *(int,int)
            original:                  a + c 
            mutant:                    a * c
[03/23 21:58:32] [INFO   ] org.mutationtesting.major.mutation.Mutator.nextMutant:
    Creating mutant 55
[03/23 21:58:32] [INFO   ] org.mutationtesting.major.mutation.Mutator.logMutant:
    Logging mutant 55: UpgradedTriangle.classify(line 20, col 33)
            mutation operator group:   AOR
            mutation operator:         +(int,int) |==> -(int,int)
            original:                  a + c 
            mutant:                    a - c
[03/23 21:58:32] [INFO   ] org.mutationtesting.major.mutation.Mutator.nextMutant:
    Creating mutant 56
[03/23 21:58:32] [INFO   ] org.mutationtesting.major.mutation.Mutator.logMutant:
    Logging mutant 56: UpgradedTriangle.classify(line 20, col 33)
            mutation operator group:   AOR
            mutation operator:         +(int,int) |==> /(int,int)
            original:                  a + c 
            mutant:                    a / c
[03/23 21:58:32] [INFO   ] org.mutationtesting.major.mutation.Mutator.nextMutant:
    Creating mutant 57
[03/23 21:58:32] [INFO   ] org.mutationtesting.major.mutation.Mutator.logMutant:
    Logging mutant 57: UpgradedTriangle.classify(line 20, col 37)
            mutation operator group:   ROR
            mutation operator:         <=(int,int) |==> <(int,int)
            original:                  a + c <= b 
            mutant:                    a + c < b
[03/23 21:58:32] [INFO   ] org.mutationtesting.major.mutation.Mutator.nextMutant:
    Creating mutant 58
[03/23 21:58:32] [INFO   ] org.mutationtesting.major.mutation.Mutator.logMutant:
    Logging mutant 58: UpgradedTriangle.classify(line 20, col 37)
            mutation operator group:   ROR
            mutation operator:         <=(int,int) |==> ==(int,int)
            original:                  a + c <= b 
            mutant:                    a + c == b
[03/23 21:58:32] [INFO   ] org.mutationtesting.major.mutation.Mutator.nextMutant:
    Creating mutant 59
[03/23 21:58:32] [INFO   ] org.mutationtesting.major.mutation.Mutator.logMutant:
    Logging mutant 59: UpgradedTriangle.classify(line 20, col 37)
            mutation operator group:   ROR
            mutation operator:         <=(int,int) |==> TRUE(int,int)
            original:                  a + c <= b 
            mutant:                    true
[03/23 21:58:32] [INFO   ] org.mutationtesting.major.mutation.Mutator.nextMutant:
    Creating mutant 60
[03/23 21:58:32] [INFO   ] org.mutationtesting.major.mutation.Mutator.logMutant:
    Logging mutant 60: UpgradedTriangle.classify(line 20, col 28)
            mutation operator group:   COR
            mutation operator:         ||(boolean,boolean) |==> !=(boolean,boolean)
            original:                  a + b <= c || a + c <= b 
            mutant:                    a + b <= c != a + c <= b
[03/23 21:58:32] [INFO   ] org.mutationtesting.major.mutation.Mutator.nextMutant:
    Creating mutant 61
[03/23 21:58:32] [INFO   ] org.mutationtesting.major.mutation.Mutator.logMutant:
    Logging mutant 61: UpgradedTriangle.classify(line 20, col 23)
            mutation operator group:   COR
            mutation operator:         ||(boolean,boolean) |==> LHS(boolean,boolean)
            original:                  a + b <= c || a + c <= b 
            mutant:                    a + b <= c
[03/23 21:58:32] [INFO   ] org.mutationtesting.major.mutation.Mutator.nextMutant:
    Creating mutant 62
[03/23 21:58:32] [INFO   ] org.mutationtesting.major.mutation.Mutator.logMutant:
    Logging mutant 62: UpgradedTriangle.classify(line 20, col 37)
            mutation operator group:   COR
            mutation operator:         ||(boolean,boolean) |==> RHS(boolean,boolean)
            original:                  a + b <= c || a + c <= b 
            mutant:                    a + c <= b
[03/23 21:58:32] [INFO   ] org.mutationtesting.major.mutation.Mutator.nextMutant:
    Creating mutant 63
[03/23 21:58:32] [INFO   ] org.mutationtesting.major.mutation.Mutator.logMutant:
    Logging mutant 63: UpgradedTriangle.classify(line 20, col 28)
            mutation operator group:   COR
            mutation operator:         ||(boolean,boolean) |==> TRUE(boolean,boolean)
            original:                  a + b <= c || a + c <= b 
            mutant:                    true
[03/23 21:58:32] [INFO   ] org.mutationtesting.major.mutation.Mutator.nextMutant:
    Creating mutant 64
[03/23 21:58:32] [INFO   ] org.mutationtesting.major.mutation.Mutator.logMutant:
    Logging mutant 64: UpgradedTriangle.classify(line 20, col 47)
            mutation operator group:   AOR
            mutation operator:         +(int,int) |==> %(int,int)
            original:                  b + c 
            mutant:                    b % c
[03/23 21:58:32] [INFO   ] org.mutationtesting.major.mutation.Mutator.nextMutant:
    Creating mutant 65
[03/23 21:58:32] [INFO   ] org.mutationtesting.major.mutation.Mutator.logMutant:
    Logging mutant 65: UpgradedTriangle.classify(line 20, col 47)
            mutation operator group:   AOR
            mutation operator:         +(int,int) |==> *(int,int)
            original:                  b + c 
            mutant:                    b * c
[03/23 21:58:32] [INFO   ] org.mutationtesting.major.mutation.Mutator.nextMutant:
    Creating mutant 66
[03/23 21:58:32] [INFO   ] org.mutationtesting.major.mutation.Mutator.logMutant:
    Logging mutant 66: UpgradedTriangle.classify(line 20, col 47)
            mutation operator group:   AOR
            mutation operator:         +(int,int) |==> -(int,int)
            original:                  b + c 
            mutant:                    b - c
[03/23 21:58:32] [INFO   ] org.mutationtesting.major.mutation.Mutator.nextMutant:
    Creating mutant 67
[03/23 21:58:32] [INFO   ] org.mutationtesting.major.mutation.Mutator.logMutant:
    Logging mutant 67: UpgradedTriangle.classify(line 20, col 47)
            mutation operator group:   AOR
            mutation operator:         +(int,int) |==> /(int,int)
            original:                  b + c 
            mutant:                    b / c
[03/23 21:58:32] [INFO   ] org.mutationtesting.major.mutation.Mutator.nextMutant:
    Creating mutant 68
[03/23 21:58:32] [INFO   ] org.mutationtesting.major.mutation.Mutator.logMutant:
    Logging mutant 68: UpgradedTriangle.classify(line 20, col 51)
            mutation operator group:   ROR
            mutation operator:         <=(int,int) |==> <(int,int)
            original:                  b + c <= a 
            mutant:                    b + c < a
[03/23 21:58:32] [INFO   ] org.mutationtesting.major.mutation.Mutator.nextMutant:
    Creating mutant 69
[03/23 21:58:32] [INFO   ] org.mutationtesting.major.mutation.Mutator.logMutant:
    Logging mutant 69: UpgradedTriangle.classify(line 20, col 51)
            mutation operator group:   ROR
            mutation operator:         <=(int,int) |==> ==(int,int)
            original:                  b + c <= a 
            mutant:                    b + c == a
[03/23 21:58:32] [INFO   ] org.mutationtesting.major.mutation.Mutator.nextMutant:
    Creating mutant 70
[03/23 21:58:32] [INFO   ] org.mutationtesting.major.mutation.Mutator.logMutant:
    Logging mutant 70: UpgradedTriangle.classify(line 20, col 51)
            mutation operator group:   ROR
            mutation operator:         <=(int,int) |==> TRUE(int,int)
            original:                  b + c <= a 
            mutant:                    true
[03/23 21:58:32] [INFO   ] org.mutationtesting.major.mutation.Mutator.nextMutant:
    Creating mutant 71
[03/23 21:58:32] [INFO   ] org.mutationtesting.major.mutation.Mutator.logMutant:
    Logging mutant 71: UpgradedTriangle.classify(line 20, col 42)
            mutation operator group:   COR
            mutation operator:         ||(boolean,boolean) |==> !=(boolean,boolean)
            original:                  a + b <= c || a + c <= b || b + c <= a 
            mutant:                    (a + b <= c || a + c <= b) != b + c <= a
[03/23 21:58:32] [INFO   ] org.mutationtesting.major.mutation.Mutator.nextMutant:
    Creating mutant 72
[03/23 21:58:32] [INFO   ] org.mutationtesting.major.mutation.Mutator.logMutant:
    Logging mutant 72: UpgradedTriangle.classify(line 20, col 28)
            mutation operator group:   COR
            mutation operator:         ||(boolean,boolean) |==> LHS(boolean,boolean)
            original:                  a + b <= c || a + c <= b || b + c <= a 
            mutant:                    a + b <= c || a + c <= b
[03/23 21:58:32] [INFO   ] org.mutationtesting.major.mutation.Mutator.nextMutant:
    Creating mutant 73
[03/23 21:58:32] [INFO   ] org.mutationtesting.major.mutation.Mutator.logMutant:
    Logging mutant 73: UpgradedTriangle.classify(line 20, col 51)
            mutation operator group:   COR
            mutation operator:         ||(boolean,boolean) |==> RHS(boolean,boolean)
            original:                  a + b <= c || a + c <= b || b + c <= a 
            mutant:                    b + c <= a
[03/23 21:58:32] [INFO   ] org.mutationtesting.major.mutation.Mutator.nextMutant:
    Creating mutant 74
[03/23 21:58:32] [INFO   ] org.mutationtesting.major.mutation.Mutator.logMutant:
    Logging mutant 74: UpgradedTriangle.classify(line 20, col 42)
            mutation operator group:   COR
            mutation operator:         ||(boolean,boolean) |==> TRUE(boolean,boolean)
            original:                  a + b <= c || a + c <= b || b + c <= a 
            mutant:                    true
[03/23 21:58:32] [INFO   ] org.mutationtesting.major.mutation.Mutator.nextMutant:
    Creating mutant 75
[03/23 21:58:32] [INFO   ] org.mutationtesting.major.mutation.Mutator.logMutantSTD:
    Logging mutantSTD 75: (STD) return Type.INVALID; -> <NO-OP>
[03/23 21:58:32] [INFO   ] org.mutationtesting.major.mutation.Mutator.nextMutant:
    Creating mutant 76
[03/23 21:58:32] [INFO   ] org.mutationtesting.major.mutation.Mutator.logMutantSTD:
    Logging mutantSTD 76: (STD) return Type.SCALENE; -> <NO-OP>
[03/23 21:58:32] [INFO   ] org.mutationtesting.major.mutation.Mutator.nextMutant:
    Creating mutant 77
[03/23 21:58:32] [INFO   ] org.mutationtesting.major.mutation.Mutator.logMutant:
    Logging mutant 77: UpgradedTriangle.classify(line 24, col 19)
            mutation operator group:   ROR
            mutation operator:         >(int,int) |==> !=(int,int)
            original:                  trian > 3 
            mutant:                    trian != 3
[03/23 21:58:32] [INFO   ] org.mutationtesting.major.mutation.Mutator.nextMutant:
    Creating mutant 78
[03/23 21:58:32] [INFO   ] org.mutationtesting.major.mutation.Mutator.logMutant:
    Logging mutant 78: UpgradedTriangle.classify(line 24, col 19)
            mutation operator group:   ROR
            mutation operator:         >(int,int) |==> >=(int,int)
            original:                  trian > 3 
            mutant:                    trian >= 3
[03/23 21:58:32] [INFO   ] org.mutationtesting.major.mutation.Mutator.nextMutant:
    Creating mutant 79
[03/23 21:58:32] [INFO   ] org.mutationtesting.major.mutation.Mutator.logMutant:
    Logging mutant 79: UpgradedTriangle.classify(line 24, col 19)
            mutation operator group:   ROR
            mutation operator:         >(int,int) |==> FALSE(int,int)
            original:                  trian > 3 
            mutant:                    false
[03/23 21:58:32] [INFO   ] org.mutationtesting.major.mutation.Mutator.nextMutant:
    Creating mutant 80
[03/23 21:58:32] [INFO   ] org.mutationtesting.major.mutation.Mutator.logMutantSTD:
    Logging mutantSTD 80: (STD) return Type.EQUILATERAL; -> <NO-OP>
[03/23 21:58:32] [INFO   ] org.mutationtesting.major.mutation.Mutator.nextMutant:
    Creating mutant 81
[03/23 21:58:32] [INFO   ] org.mutationtesting.major.mutation.Mutator.logMutant:
    Logging mutant 81: UpgradedTriangle.classify(line 26, col 19)
            mutation operator group:   ROR
            mutation operator:         ==(int,int) |==> <=(int,int)
            original:                  trian == 1 
            mutant:                    trian <= 1
[03/23 21:58:32] [INFO   ] org.mutationtesting.major.mutation.Mutator.nextMutant:
    Creating mutant 82
[03/23 21:58:32] [INFO   ] org.mutationtesting.major.mutation.Mutator.logMutant:
    Logging mutant 82: UpgradedTriangle.classify(line 26, col 19)
            mutation operator group:   ROR
            mutation operator:         ==(int,int) |==> >=(int,int)
            original:                  trian == 1 
            mutant:                    trian >= 1
[03/23 21:58:32] [INFO   ] org.mutationtesting.major.mutation.Mutator.nextMutant:
    Creating mutant 83
[03/23 21:58:32] [INFO   ] org.mutationtesting.major.mutation.Mutator.logMutant:
    Logging mutant 83: UpgradedTriangle.classify(line 26, col 19)
            mutation operator group:   ROR
            mutation operator:         ==(int,int) |==> FALSE(int,int)
            original:                  trian == 1 
            mutant:                    false
[03/23 21:58:32] [INFO   ] org.mutationtesting.major.mutation.Mutator.nextMutant:
    Creating mutant 84
[03/23 21:58:32] [INFO   ] org.mutationtesting.major.mutation.Mutator.logMutant:
    Logging mutant 84: UpgradedTriangle.classify(line 26, col 29)
            mutation operator group:   AOR
            mutation operator:         +(int,int) |==> %(int,int)
            original:                  a + b 
            mutant:                    a % b
[03/23 21:58:32] [INFO   ] org.mutationtesting.major.mutation.Mutator.nextMutant:
    Creating mutant 85
[03/23 21:58:32] [INFO   ] org.mutationtesting.major.mutation.Mutator.logMutant:
    Logging mutant 85: UpgradedTriangle.classify(line 26, col 29)
            mutation operator group:   AOR
            mutation operator:         +(int,int) |==> *(int,int)
            original:                  a + b 
            mutant:                    a * b
[03/23 21:58:32] [INFO   ] org.mutationtesting.major.mutation.Mutator.nextMutant:
    Creating mutant 86
[03/23 21:58:32] [INFO   ] org.mutationtesting.major.mutation.Mutator.logMutant:
    Logging mutant 86: UpgradedTriangle.classify(line 26, col 29)
            mutation operator group:   AOR
            mutation operator:         +(int,int) |==> -(int,int)
            original:                  a + b 
            mutant:                    a - b
[03/23 21:58:32] [INFO   ] org.mutationtesting.major.mutation.Mutator.nextMutant:
    Creating mutant 87
[03/23 21:58:32] [INFO   ] org.mutationtesting.major.mutation.Mutator.logMutant:
    Logging mutant 87: UpgradedTriangle.classify(line 26, col 29)
            mutation operator group:   AOR
            mutation operator:         +(int,int) |==> /(int,int)
            original:                  a + b 
            mutant:                    a / b
[03/23 21:58:32] [INFO   ] org.mutationtesting.major.mutation.Mutator.nextMutant:
    Creating mutant 88
[03/23 21:58:32] [INFO   ] org.mutationtesting.major.mutation.Mutator.logMutant:
    Logging mutant 88: UpgradedTriangle.classify(line 26, col 33)
            mutation operator group:   ROR
            mutation operator:         >(int,int) |==> !=(int,int)
            original:                  a + b > c 
            mutant:                    a + b != c
[03/23 21:58:32] [INFO   ] org.mutationtesting.major.mutation.Mutator.nextMutant:
    Creating mutant 89
[03/23 21:58:32] [INFO   ] org.mutationtesting.major.mutation.Mutator.logMutant:
    Logging mutant 89: UpgradedTriangle.classify(line 26, col 33)
            mutation operator group:   ROR
            mutation operator:         >(int,int) |==> >=(int,int)
            original:                  a + b > c 
            mutant:                    a + b >= c
[03/23 21:58:32] [INFO   ] org.mutationtesting.major.mutation.Mutator.nextMutant:
    Creating mutant 90
[03/23 21:58:32] [INFO   ] org.mutationtesting.major.mutation.Mutator.logMutant:
    Logging mutant 90: UpgradedTriangle.classify(line 26, col 33)
            mutation operator group:   ROR
            mutation operator:         >(int,int) |==> FALSE(int,int)
            original:                  a + b > c 
            mutant:                    false
[03/23 21:58:32] [INFO   ] org.mutationtesting.major.mutation.Mutator.nextMutant:
    Creating mutant 91
[03/23 21:58:32] [INFO   ] org.mutationtesting.major.mutation.Mutator.logMutant:
    Logging mutant 91: UpgradedTriangle.classify(line 26, col 24)
            mutation operator group:   COR
            mutation operator:         &&(boolean,boolean) |==> ==(boolean,boolean)
            original:                  trian == 1 && a + b > c 
            mutant:                    trian == 1 == a + b > c
[03/23 21:58:32] [INFO   ] org.mutationtesting.major.mutation.Mutator.nextMutant:
    Creating mutant 92
[03/23 21:58:32] [INFO   ] org.mutationtesting.major.mutation.Mutator.logMutant:
    Logging mutant 92: UpgradedTriangle.classify(line 26, col 24)
            mutation operator group:   COR
            mutation operator:         &&(boolean,boolean) |==> FALSE(boolean,boolean)
            original:                  trian == 1 && a + b > c 
            mutant:                    false
[03/23 21:58:32] [INFO   ] org.mutationtesting.major.mutation.Mutator.nextMutant:
    Creating mutant 93
[03/23 21:58:32] [INFO   ] org.mutationtesting.major.mutation.Mutator.logMutant:
    Logging mutant 93: UpgradedTriangle.classify(line 26, col 19)
            mutation operator group:   COR
            mutation operator:         &&(boolean,boolean) |==> LHS(boolean,boolean)
            original:                  trian == 1 && a + b > c 
            mutant:                    trian == 1
[03/23 21:58:32] [INFO   ] org.mutationtesting.major.mutation.Mutator.nextMutant:
    Creating mutant 94
[03/23 21:58:32] [INFO   ] org.mutationtesting.major.mutation.Mutator.logMutant:
    Logging mutant 94: UpgradedTriangle.classify(line 26, col 33)
            mutation operator group:   COR
            mutation operator:         &&(boolean,boolean) |==> RHS(boolean,boolean)
            original:                  trian == 1 && a + b > c 
            mutant:                    a + b > c
[03/23 21:58:32] [INFO   ] org.mutationtesting.major.mutation.Mutator.nextMutant:
    Creating mutant 95
[03/23 21:58:32] [INFO   ] org.mutationtesting.major.mutation.Mutator.logMutantSTD:
    Logging mutantSTD 95: (STD) return Type.ISOSCELES; -> <NO-OP>
[03/23 21:58:32] [INFO   ] org.mutationtesting.major.mutation.Mutator.nextMutant:
    Creating mutant 96
[03/23 21:58:32] [INFO   ] org.mutationtesting.major.mutation.Mutator.logMutant:
    Logging mutant 96: UpgradedTriangle.classify(line 28, col 24)
            mutation operator group:   ROR
            mutation operator:         ==(int,int) |==> <=(int,int)
            original:                  trian == 2 
            mutant:                    trian <= 2
[03/23 21:58:32] [INFO   ] org.mutationtesting.major.mutation.Mutator.nextMutant:
    Creating mutant 97
[03/23 21:58:32] [INFO   ] org.mutationtesting.major.mutation.Mutator.logMutant:
    Logging mutant 97: UpgradedTriangle.classify(line 28, col 24)
            mutation operator group:   ROR
            mutation operator:         ==(int,int) |==> >=(int,int)
            original:                  trian == 2 
            mutant:                    trian >= 2
[03/23 21:58:32] [INFO   ] org.mutationtesting.major.mutation.Mutator.nextMutant:
    Creating mutant 98
[03/23 21:58:32] [INFO   ] org.mutationtesting.major.mutation.Mutator.logMutant:
    Logging mutant 98: UpgradedTriangle.classify(line 28, col 24)
            mutation operator group:   ROR
            mutation operator:         ==(int,int) |==> FALSE(int,int)
            original:                  trian == 2 
            mutant:                    false
[03/23 21:58:32] [INFO   ] org.mutationtesting.major.mutation.Mutator.nextMutant:
    Creating mutant 99
[03/23 21:58:32] [INFO   ] org.mutationtesting.major.mutation.Mutator.logMutant:
    Logging mutant 99: UpgradedTriangle.classify(line 28, col 34)
            mutation operator group:   AOR
            mutation operator:         +(int,int) |==> %(int,int)
            original:                  a + c 
            mutant:                    a % c
[03/23 21:58:32] [INFO   ] org.mutationtesting.major.mutation.Mutator.nextMutant:
    Creating mutant 100
[03/23 21:58:32] [INFO   ] org.mutationtesting.major.mutation.Mutator.logMutant:
    Logging mutant 100: UpgradedTriangle.classify(line 28, col 34)
            mutation operator group:   AOR
            mutation operator:         +(int,int) |==> *(int,int)
            original:                  a + c 
            mutant:                    a * c
[03/23 21:58:32] [INFO   ] org.mutationtesting.major.mutation.Mutator.nextMutant:
    Creating mutant 101
[03/23 21:58:32] [INFO   ] org.mutationtesting.major.mutation.Mutator.logMutant:
    Logging mutant 101: UpgradedTriangle.classify(line 28, col 34)
            mutation operator group:   AOR
            mutation operator:         +(int,int) |==> -(int,int)
            original:                  a + c 
            mutant:                    a - c
[03/23 21:58:32] [INFO   ] org.mutationtesting.major.mutation.Mutator.nextMutant:
    Creating mutant 102
[03/23 21:58:32] [INFO   ] org.mutationtesting.major.mutation.Mutator.logMutant:
    Logging mutant 102: UpgradedTriangle.classify(line 28, col 34)
            mutation operator group:   AOR
            mutation operator:         +(int,int) |==> /(int,int)
            original:                  a + c 
            mutant:                    a / c
[03/23 21:58:32] [INFO   ] org.mutationtesting.major.mutation.Mutator.nextMutant:
    Creating mutant 103
[03/23 21:58:32] [INFO   ] org.mutationtesting.major.mutation.Mutator.logMutant:
    Logging mutant 103: UpgradedTriangle.classify(line 28, col 38)
            mutation operator group:   ROR
            mutation operator:         >(int,int) |==> !=(int,int)
            original:                  a + c > b 
            mutant:                    a + c != b
[03/23 21:58:32] [INFO   ] org.mutationtesting.major.mutation.Mutator.nextMutant:
    Creating mutant 104
[03/23 21:58:32] [INFO   ] org.mutationtesting.major.mutation.Mutator.logMutant:
    Logging mutant 104: UpgradedTriangle.classify(line 28, col 38)
            mutation operator group:   ROR
            mutation operator:         >(int,int) |==> >=(int,int)
            original:                  a + c > b 
            mutant:                    a + c >= b
[03/23 21:58:32] [INFO   ] org.mutationtesting.major.mutation.Mutator.nextMutant:
    Creating mutant 105
[03/23 21:58:32] [INFO   ] org.mutationtesting.major.mutation.Mutator.logMutant:
    Logging mutant 105: UpgradedTriangle.classify(line 28, col 38)
            mutation operator group:   ROR
            mutation operator:         >(int,int) |==> FALSE(int,int)
            original:                  a + c > b 
            mutant:                    false
[03/23 21:58:32] [INFO   ] org.mutationtesting.major.mutation.Mutator.nextMutant:
    Creating mutant 106
[03/23 21:58:32] [INFO   ] org.mutationtesting.major.mutation.Mutator.logMutant:
    Logging mutant 106: UpgradedTriangle.classify(line 28, col 29)
            mutation operator group:   COR
            mutation operator:         &&(boolean,boolean) |==> ==(boolean,boolean)
            original:                  trian == 2 && a + c > b 
            mutant:                    trian == 2 == a + c > b
[03/23 21:58:32] [INFO   ] org.mutationtesting.major.mutation.Mutator.nextMutant:
    Creating mutant 107
[03/23 21:58:32] [INFO   ] org.mutationtesting.major.mutation.Mutator.logMutant:
    Logging mutant 107: UpgradedTriangle.classify(line 28, col 29)
            mutation operator group:   COR
            mutation operator:         &&(boolean,boolean) |==> FALSE(boolean,boolean)
            original:                  trian == 2 && a + c > b 
            mutant:                    false
[03/23 21:58:32] [INFO   ] org.mutationtesting.major.mutation.Mutator.nextMutant:
    Creating mutant 108
[03/23 21:58:32] [INFO   ] org.mutationtesting.major.mutation.Mutator.logMutant:
    Logging mutant 108: UpgradedTriangle.classify(line 28, col 24)
            mutation operator group:   COR
            mutation operator:         &&(boolean,boolean) |==> LHS(boolean,boolean)
            original:                  trian == 2 && a + c > b 
            mutant:                    trian == 2
[03/23 21:58:32] [INFO   ] org.mutationtesting.major.mutation.Mutator.nextMutant:
    Creating mutant 109
[03/23 21:58:32] [INFO   ] org.mutationtesting.major.mutation.Mutator.logMutant:
    Logging mutant 109: UpgradedTriangle.classify(line 28, col 38)
            mutation operator group:   COR
            mutation operator:         &&(boolean,boolean) |==> RHS(boolean,boolean)
            original:                  trian == 2 && a + c > b 
            mutant:                    a + c > b
[03/23 21:58:32] [INFO   ] org.mutationtesting.major.mutation.Mutator.nextMutant:
    Creating mutant 110
[03/23 21:58:32] [INFO   ] org.mutationtesting.major.mutation.Mutator.logMutantSTD:
    Logging mutantSTD 110: (STD) return Type.ISOSCELES; -> <NO-OP>
[03/23 21:58:32] [INFO   ] org.mutationtesting.major.mutation.Mutator.nextMutant:
    Creating mutant 111
[03/23 21:58:32] [INFO   ] org.mutationtesting.major.mutation.Mutator.logMutant:
    Logging mutant 111: UpgradedTriangle.classify(line 30, col 24)
            mutation operator group:   ROR
            mutation operator:         ==(int,int) |==> <=(int,int)
            original:                  trian == 3 
            mutant:                    trian <= 3
[03/23 21:58:32] [INFO   ] org.mutationtesting.major.mutation.Mutator.nextMutant:
    Creating mutant 112
[03/23 21:58:32] [INFO   ] org.mutationtesting.major.mutation.Mutator.logMutant:
    Logging mutant 112: UpgradedTriangle.classify(line 30, col 24)
            mutation operator group:   ROR
            mutation operator:         ==(int,int) |==> >=(int,int)
            original:                  trian == 3 
            mutant:                    trian >= 3
[03/23 21:58:32] [INFO   ] org.mutationtesting.major.mutation.Mutator.nextMutant:
    Creating mutant 113
[03/23 21:58:32] [INFO   ] org.mutationtesting.major.mutation.Mutator.logMutant:
    Logging mutant 113: UpgradedTriangle.classify(line 30, col 24)
            mutation operator group:   ROR
            mutation operator:         ==(int,int) |==> FALSE(int,int)
            original:                  trian == 3 
            mutant:                    false
[03/23 21:58:32] [INFO   ] org.mutationtesting.major.mutation.Mutator.nextMutant:
    Creating mutant 114
[03/23 21:58:32] [INFO   ] org.mutationtesting.major.mutation.Mutator.logMutant:
    Logging mutant 114: UpgradedTriangle.classify(line 30, col 34)
            mutation operator group:   AOR
            mutation operator:         +(int,int) |==> %(int,int)
            original:                  b + c 
            mutant:                    b % c
[03/23 21:58:32] [INFO   ] org.mutationtesting.major.mutation.Mutator.nextMutant:
    Creating mutant 115
[03/23 21:58:32] [INFO   ] org.mutationtesting.major.mutation.Mutator.logMutant:
    Logging mutant 115: UpgradedTriangle.classify(line 30, col 34)
            mutation operator group:   AOR
            mutation operator:         +(int,int) |==> *(int,int)
            original:                  b + c 
            mutant:                    b * c
[03/23 21:58:32] [INFO   ] org.mutationtesting.major.mutation.Mutator.nextMutant:
    Creating mutant 116
[03/23 21:58:32] [INFO   ] org.mutationtesting.major.mutation.Mutator.logMutant:
    Logging mutant 116: UpgradedTriangle.classify(line 30, col 34)
            mutation operator group:   AOR
            mutation operator:         +(int,int) |==> -(int,int)
            original:                  b + c 
            mutant:                    b - c
[03/23 21:58:32] [INFO   ] org.mutationtesting.major.mutation.Mutator.nextMutant:
    Creating mutant 117
[03/23 21:58:32] [INFO   ] org.mutationtesting.major.mutation.Mutator.logMutant:
    Logging mutant 117: UpgradedTriangle.classify(line 30, col 34)
            mutation operator group:   AOR
            mutation operator:         +(int,int) |==> /(int,int)
            original:                  b + c 
            mutant:                    b / c
[03/23 21:58:32] [INFO   ] org.mutationtesting.major.mutation.Mutator.nextMutant:
    Creating mutant 118
[03/23 21:58:32] [INFO   ] org.mutationtesting.major.mutation.Mutator.logMutant:
    Logging mutant 118: UpgradedTriangle.classify(line 30, col 38)
            mutation operator group:   ROR
            mutation operator:         >(int,int) |==> !=(int,int)
            original:                  b + c > a 
            mutant:                    b + c != a
[03/23 21:58:32] [INFO   ] org.mutationtesting.major.mutation.Mutator.nextMutant:
    Creating mutant 119
[03/23 21:58:32] [INFO   ] org.mutationtesting.major.mutation.Mutator.logMutant:
    Logging mutant 119: UpgradedTriangle.classify(line 30, col 38)
            mutation operator group:   ROR
            mutation operator:         >(int,int) |==> >=(int,int)
            original:                  b + c > a 
            mutant:                    b + c >= a
[03/23 21:58:32] [INFO   ] org.mutationtesting.major.mutation.Mutator.nextMutant:
    Creating mutant 120
[03/23 21:58:32] [INFO   ] org.mutationtesting.major.mutation.Mutator.logMutant:
    Logging mutant 120: UpgradedTriangle.classify(line 30, col 38)
            mutation operator group:   ROR
            mutation operator:         >(int,int) |==> FALSE(int,int)
            original:                  b + c > a 
            mutant:                    false
[03/23 21:58:32] [INFO   ] org.mutationtesting.major.mutation.Mutator.nextMutant:
    Creating mutant 121
[03/23 21:58:32] [INFO   ] org.mutationtesting.major.mutation.Mutator.logMutant:
    Logging mutant 121: UpgradedTriangle.classify(line 30, col 29)
            mutation operator group:   COR
            mutation operator:         &&(boolean,boolean) |==> ==(boolean,boolean)
            original:                  trian == 3 && b + c > a 
            mutant:                    trian == 3 == b + c > a
[03/23 21:58:32] [INFO   ] org.mutationtesting.major.mutation.Mutator.nextMutant:
    Creating mutant 122
[03/23 21:58:32] [INFO   ] org.mutationtesting.major.mutation.Mutator.logMutant:
    Logging mutant 122: UpgradedTriangle.classify(line 30, col 29)
            mutation operator group:   COR
            mutation operator:         &&(boolean,boolean) |==> FALSE(boolean,boolean)
            original:                  trian == 3 && b + c > a 
            mutant:                    false
[03/23 21:58:32] [INFO   ] org.mutationtesting.major.mutation.Mutator.nextMutant:
    Creating mutant 123
[03/23 21:58:32] [INFO   ] org.mutationtesting.major.mutation.Mutator.logMutant:
    Logging mutant 123: UpgradedTriangle.classify(line 30, col 24)
            mutation operator group:   COR
            mutation operator:         &&(boolean,boolean) |==> LHS(boolean,boolean)
            original:                  trian == 3 && b + c > a 
            mutant:                    trian == 3
[03/23 21:58:32] [INFO   ] org.mutationtesting.major.mutation.Mutator.nextMutant:
    Creating mutant 124
[03/23 21:58:32] [INFO   ] org.mutationtesting.major.mutation.Mutator.logMutant:
    Logging mutant 124: UpgradedTriangle.classify(line 30, col 38)
            mutation operator group:   COR
            mutation operator:         &&(boolean,boolean) |==> RHS(boolean,boolean)
            original:                  trian == 3 && b + c > a 
            mutant:                    b + c > a
[03/23 21:58:32] [INFO   ] org.mutationtesting.major.mutation.Mutator.nextMutant:
    Creating mutant 125
[03/23 21:58:32] [INFO   ] org.mutationtesting.major.mutation.Mutator.logMutantSTD:
    Logging mutantSTD 125: (STD) return Type.ISOSCELES; -> <NO-OP>
[03/23 21:58:32] [INFO   ] org.mutationtesting.major.mutation.Mutator.visitMethodDef:
    METHOD: calculateArea([int a, int b, int c])double
[03/23 21:58:32] [INFO   ] org.mutationtesting.major.mutation.Mutator.nextMutant:
    Creating mutant 126
[03/23 21:58:32] [INFO   ] org.mutationtesting.major.mutation.Mutator.logMutant:
    Logging mutant 126: UpgradedTriangle.calculateArea(line 37, col 28)
            mutation operator group:   ROR
            mutation operator:         ==(java.lang.Object,java.lang.Object) |==> FALSE(java.lang.Object,java.lang.Object)
            original:                  classify(a, b, c) == Type.INVALID 
            mutant:                    false
[03/23 21:58:32] [INFO   ] org.mutationtesting.major.mutation.Mutator.nextMutant:
    Creating mutant 127
[03/23 21:58:32] [INFO   ] org.mutationtesting.major.mutation.Mutator.logMutant:
    Logging mutant 127: UpgradedTriangle.calculateArea(line 40, col 29)
            mutation operator group:   AOR
            mutation operator:         +(double,double) |==> %(double,double)
            original:                  0.0 + a 
            mutant:                    0.0 % a
[03/23 21:58:32] [INFO   ] org.mutationtesting.major.mutation.Mutator.nextMutant:
    Creating mutant 128
[03/23 21:58:32] [INFO   ] org.mutationtesting.major.mutation.Mutator.logMutant:
    Logging mutant 128: UpgradedTriangle.calculateArea(line 40, col 29)
            mutation operator group:   AOR
            mutation operator:         +(double,double) |==> *(double,double)
            original:                  0.0 + a 
            mutant:                    0.0 * a
[03/23 21:58:32] [INFO   ] org.mutationtesting.major.mutation.Mutator.nextMutant:
    Creating mutant 129
[03/23 21:58:32] [INFO   ] org.mutationtesting.major.mutation.Mutator.logMutant:
    Logging mutant 129: UpgradedTriangle.calculateArea(line 40, col 29)
            mutation operator group:   AOR
            mutation operator:         +(double,double) |==> -(double,double)
            original:                  0.0 + a 
            mutant:                    0.0 - a
[03/23 21:58:32] [INFO   ] org.mutationtesting.major.mutation.Mutator.nextMutant:
    Creating mutant 130
[03/23 21:58:32] [INFO   ] org.mutationtesting.major.mutation.Mutator.logMutant:
    Logging mutant 130: UpgradedTriangle.calculateArea(line 40, col 29)
            mutation operator group:   AOR
            mutation operator:         +(double,double) |==> /(double,double)
            original:                  0.0 + a 
            mutant:                    0.0 / a
[03/23 21:58:32] [INFO   ] org.mutationtesting.major.mutation.Mutator.nextMutant:
    Creating mutant 131
[03/23 21:58:32] [INFO   ] org.mutationtesting.major.mutation.Mutator.logMutant:
    Logging mutant 131: UpgradedTriangle.calculateArea(line 40, col 31)
            mutation operator group:   AOR
            mutation operator:         +(double,double) |==> %(double,double)
            original:                  0.0 + a + b 
            mutant:                    (0.0 + a) % b
[03/23 21:58:32] [INFO   ] org.mutationtesting.major.mutation.Mutator.nextMutant:
    Creating mutant 132
[03/23 21:58:32] [INFO   ] org.mutationtesting.major.mutation.Mutator.logMutant:
    Logging mutant 132: UpgradedTriangle.calculateArea(line 40, col 31)
            mutation operator group:   AOR
            mutation operator:         +(double,double) |==> *(double,double)
            original:                  0.0 + a + b 
            mutant:                    (0.0 + a) * b
[03/23 21:58:32] [INFO   ] org.mutationtesting.major.mutation.Mutator.nextMutant:
    Creating mutant 133
[03/23 21:58:32] [INFO   ] org.mutationtesting.major.mutation.Mutator.logMutant:
    Logging mutant 133: UpgradedTriangle.calculateArea(line 40, col 31)
            mutation operator group:   AOR
            mutation operator:         +(double,double) |==> -(double,double)
            original:                  0.0 + a + b 
            mutant:                    0.0 + a - b
[03/23 21:58:32] [INFO   ] org.mutationtesting.major.mutation.Mutator.nextMutant:
    Creating mutant 134
[03/23 21:58:32] [INFO   ] org.mutationtesting.major.mutation.Mutator.logMutant:
    Logging mutant 134: UpgradedTriangle.calculateArea(line 40, col 31)
            mutation operator group:   AOR
            mutation operator:         +(double,double) |==> /(double,double)
            original:                  0.0 + a + b 
            mutant:                    (0.0 + a) / b
[03/23 21:58:32] [INFO   ] org.mutationtesting.major.mutation.Mutator.nextMutant:
    Creating mutant 135
[03/23 21:58:32] [INFO   ] org.mutationtesting.major.mutation.Mutator.logMutant:
    Logging mutant 135: UpgradedTriangle.calculateArea(line 40, col 33)
            mutation operator group:   AOR
            mutation operator:         +(double,double) |==> %(double,double)
            original:                  0.0 + a + b + c 
            mutant:                    (0.0 + a + b) % c
[03/23 21:58:32] [INFO   ] org.mutationtesting.major.mutation.Mutator.nextMutant:
    Creating mutant 136
[03/23 21:58:32] [INFO   ] org.mutationtesting.major.mutation.Mutator.logMutant:
    Logging mutant 136: UpgradedTriangle.calculateArea(line 40, col 33)
            mutation operator group:   AOR
            mutation operator:         +(double,double) |==> *(double,double)
            original:                  0.0 + a + b + c 
            mutant:                    (0.0 + a + b) * c
[03/23 21:58:32] [INFO   ] org.mutationtesting.major.mutation.Mutator.nextMutant:
    Creating mutant 137
[03/23 21:58:32] [INFO   ] org.mutationtesting.major.mutation.Mutator.logMutant:
    Logging mutant 137: UpgradedTriangle.calculateArea(line 40, col 33)
            mutation operator group:   AOR
            mutation operator:         +(double,double) |==> -(double,double)
            original:                  0.0 + a + b + c 
            mutant:                    0.0 + a + b - c
[03/23 21:58:32] [INFO   ] org.mutationtesting.major.mutation.Mutator.nextMutant:
    Creating mutant 138
[03/23 21:58:32] [INFO   ] org.mutationtesting.major.mutation.Mutator.logMutant:
    Logging mutant 138: UpgradedTriangle.calculateArea(line 40, col 33)
            mutation operator group:   AOR
            mutation operator:         +(double,double) |==> /(double,double)
            original:                  0.0 + a + b + c 
            mutant:                    (0.0 + a + b) / c
[03/23 21:58:32] [INFO   ] org.mutationtesting.major.mutation.Mutator.nextMutant:
    Creating mutant 139
[03/23 21:58:32] [INFO   ] org.mutationtesting.major.mutation.Mutator.logMutant:
    Logging mutant 139: UpgradedTriangle.calculateArea(line 40, col 36)
            mutation operator group:   AOR
            mutation operator:         /(double,double) |==> %(double,double)
            original:                  (0.0 + a + b + c) / 2.0 
            mutant:                    (0.0 + a + b + c) % 2.0
[03/23 21:58:32] [INFO   ] org.mutationtesting.major.mutation.Mutator.nextMutant:
    Creating mutant 140
[03/23 21:58:32] [INFO   ] org.mutationtesting.major.mutation.Mutator.logMutant:
    Logging mutant 140: UpgradedTriangle.calculateArea(line 40, col 36)
            mutation operator group:   AOR
            mutation operator:         /(double,double) |==> *(double,double)
            original:                  (0.0 + a + b + c) / 2.0 
            mutant:                    (0.0 + a + b + c) * 2.0
[03/23 21:58:32] [INFO   ] org.mutationtesting.major.mutation.Mutator.nextMutant:
    Creating mutant 141
[03/23 21:58:32] [INFO   ] org.mutationtesting.major.mutation.Mutator.logMutant:
    Logging mutant 141: UpgradedTriangle.calculateArea(line 40, col 36)
            mutation operator group:   AOR
            mutation operator:         /(double,double) |==> +(double,double)
            original:                  (0.0 + a + b + c) / 2.0 
            mutant:                    (0.0 + a + b + c) + 2.0
[03/23 21:58:32] [INFO   ] org.mutationtesting.major.mutation.Mutator.nextMutant:
    Creating mutant 142
[03/23 21:58:32] [INFO   ] org.mutationtesting.major.mutation.Mutator.logMutant:
    Logging mutant 142: UpgradedTriangle.calculateArea(line 40, col 36)
            mutation operator group:   AOR
            mutation operator:         /(double,double) |==> -(double,double)
            original:                  (0.0 + a + b + c) / 2.0 
            mutant:                    (0.0 + a + b + c) - 2.0
[03/23 21:58:32] [INFO   ] org.mutationtesting.major.mutation.Mutator.nextMutant:
    Creating mutant 143
[03/23 21:58:32] [INFO   ] org.mutationtesting.major.mutation.Mutator.logMutant:
    Logging mutant 143: UpgradedTriangle.calculateArea(line 41, col 34)
            mutation operator group:   AOR
            mutation operator:         -(double,double) |==> %(double,double)
            original:                  s - a 
            mutant:                    s % a
[03/23 21:58:32] [INFO   ] org.mutationtesting.major.mutation.Mutator.nextMutant:
    Creating mutant 144
[03/23 21:58:32] [INFO   ] org.mutationtesting.major.mutation.Mutator.logMutant:
    Logging mutant 144: UpgradedTriangle.calculateArea(line 41, col 34)
            mutation operator group:   AOR
            mutation operator:         -(double,double) |==> *(double,double)
            original:                  s - a 
            mutant:                    s * a
[03/23 21:58:32] [INFO   ] org.mutationtesting.major.mutation.Mutator.nextMutant:
    Creating mutant 145
[03/23 21:58:32] [INFO   ] org.mutationtesting.major.mutation.Mutator.logMutant:
    Logging mutant 145: UpgradedTriangle.calculateArea(line 41, col 34)
            mutation operator group:   AOR
            mutation operator:         -(double,double) |==> +(double,double)
            original:                  s - a 
            mutant:                    s + a
[03/23 21:58:32] [INFO   ] org.mutationtesting.major.mutation.Mutator.nextMutant:
    Creating mutant 146
[03/23 21:58:32] [INFO   ] org.mutationtesting.major.mutation.Mutator.logMutant:
    Logging mutant 146: UpgradedTriangle.calculateArea(line 41, col 34)
            mutation operator group:   AOR
            mutation operator:         -(double,double) |==> /(double,double)
            original:                  s - a 
            mutant:                    s / a
[03/23 21:58:32] [INFO   ] org.mutationtesting.major.mutation.Mutator.nextMutant:
    Creating mutant 147
[03/23 21:58:32] [INFO   ] org.mutationtesting.major.mutation.Mutator.logMutant:
    Logging mutant 147: UpgradedTriangle.calculateArea(line 41, col 31)
            mutation operator group:   AOR
            mutation operator:         *(double,double) |==> %(double,double)
            original:                  s * (s - a) 
            mutant:                    s % (s - a)
[03/23 21:58:32] [INFO   ] org.mutationtesting.major.mutation.Mutator.nextMutant:
    Creating mutant 148
[03/23 21:58:32] [INFO   ] org.mutationtesting.major.mutation.Mutator.logMutant:
    Logging mutant 148: UpgradedTriangle.calculateArea(line 41, col 31)
            mutation operator group:   AOR
            mutation operator:         *(double,double) |==> +(double,double)
            original:                  s * (s - a) 
            mutant:                    s + (s - a)
[03/23 21:58:32] [INFO   ] org.mutationtesting.major.mutation.Mutator.nextMutant:
    Creating mutant 149
[03/23 21:58:32] [INFO   ] org.mutationtesting.major.mutation.Mutator.logMutant:
    Logging mutant 149: UpgradedTriangle.calculateArea(line 41, col 31)
            mutation operator group:   AOR
            mutation operator:         *(double,double) |==> -(double,double)
            original:                  s * (s - a) 
            mutant:                    s - (s - a)
[03/23 21:58:32] [INFO   ] org.mutationtesting.major.mutation.Mutator.nextMutant:
    Creating mutant 150
[03/23 21:58:32] [INFO   ] org.mutationtesting.major.mutation.Mutator.logMutant:
    Logging mutant 150: UpgradedTriangle.calculateArea(line 41, col 31)
            mutation operator group:   AOR
            mutation operator:         *(double,double) |==> /(double,double)
            original:                  s * (s - a) 
            mutant:                    s / (s - a)
[03/23 21:58:32] [INFO   ] org.mutationtesting.major.mutation.Mutator.nextMutant:
    Creating mutant 151
[03/23 21:58:32] [INFO   ] org.mutationtesting.major.mutation.Mutator.logMutant:
    Logging mutant 151: UpgradedTriangle.calculateArea(line 41, col 40)
            mutation operator group:   AOR
            mutation operator:         -(double,double) |==> %(double,double)
            original:                  s - b 
            mutant:                    s % b
[03/23 21:58:32] [INFO   ] org.mutationtesting.major.mutation.Mutator.nextMutant:
    Creating mutant 152
[03/23 21:58:32] [INFO   ] org.mutationtesting.major.mutation.Mutator.logMutant:
    Logging mutant 152: UpgradedTriangle.calculateArea(line 41, col 40)
            mutation operator group:   AOR
            mutation operator:         -(double,double) |==> *(double,double)
            original:                  s - b 
            mutant:                    s * b
[03/23 21:58:32] [INFO   ] org.mutationtesting.major.mutation.Mutator.nextMutant:
    Creating mutant 153
[03/23 21:58:32] [INFO   ] org.mutationtesting.major.mutation.Mutator.logMutant:
    Logging mutant 153: UpgradedTriangle.calculateArea(line 41, col 40)
            mutation operator group:   AOR
            mutation operator:         -(double,double) |==> +(double,double)
            original:                  s - b 
            mutant:                    s + b
[03/23 21:58:32] [INFO   ] org.mutationtesting.major.mutation.Mutator.nextMutant:
    Creating mutant 154
[03/23 21:58:32] [INFO   ] org.mutationtesting.major.mutation.Mutator.logMutant:
    Logging mutant 154: UpgradedTriangle.calculateArea(line 41, col 40)
            mutation operator group:   AOR
            mutation operator:         -(double,double) |==> /(double,double)
            original:                  s - b 
            mutant:                    s / b
[03/23 21:58:32] [INFO   ] org.mutationtesting.major.mutation.Mutator.nextMutant:
    Creating mutant 155
[03/23 21:58:32] [INFO   ] org.mutationtesting.major.mutation.Mutator.logMutant:
    Logging mutant 155: UpgradedTriangle.calculateArea(line 41, col 37)
            mutation operator group:   AOR
            mutation operator:         *(double,double) |==> %(double,double)
            original:                  s * (s - a) * (s - b) 
            mutant:                    s * (s - a) % (s - b)
[03/23 21:58:32] [INFO   ] org.mutationtesting.major.mutation.Mutator.nextMutant:
    Creating mutant 156
[03/23 21:58:32] [INFO   ] org.mutationtesting.major.mutation.Mutator.logMutant:
    Logging mutant 156: UpgradedTriangle.calculateArea(line 41, col 37)
            mutation operator group:   AOR
            mutation operator:         *(double,double) |==> +(double,double)
            original:                  s * (s - a) * (s - b) 
            mutant:                    s * (s - a) + (s - b)
[03/23 21:58:32] [INFO   ] org.mutationtesting.major.mutation.Mutator.nextMutant:
    Creating mutant 157
[03/23 21:58:32] [INFO   ] org.mutationtesting.major.mutation.Mutator.logMutant:
    Logging mutant 157: UpgradedTriangle.calculateArea(line 41, col 37)
            mutation operator group:   AOR
            mutation operator:         *(double,double) |==> -(double,double)
            original:                  s * (s - a) * (s - b) 
            mutant:                    s * (s - a) - (s - b)
[03/23 21:58:32] [INFO   ] org.mutationtesting.major.mutation.Mutator.nextMutant:
    Creating mutant 158
[03/23 21:58:32] [INFO   ] org.mutationtesting.major.mutation.Mutator.logMutant:
    Logging mutant 158: UpgradedTriangle.calculateArea(line 41, col 37)
            mutation operator group:   AOR
            mutation operator:         *(double,double) |==> /(double,double)
            original:                  s * (s - a) * (s - b) 
            mutant:                    s * (s - a) / (s - b)
[03/23 21:58:32] [INFO   ] org.mutationtesting.major.mutation.Mutator.nextMutant:
    Creating mutant 159
[03/23 21:58:32] [INFO   ] org.mutationtesting.major.mutation.Mutator.logMutant:
    Logging mutant 159: UpgradedTriangle.calculateArea(line 41, col 46)
            mutation operator group:   AOR
            mutation operator:         -(double,double) |==> %(double,double)
            original:                  s - c 
            mutant:                    s % c
[03/23 21:58:32] [INFO   ] org.mutationtesting.major.mutation.Mutator.nextMutant:
    Creating mutant 160
[03/23 21:58:32] [INFO   ] org.mutationtesting.major.mutation.Mutator.logMutant:
    Logging mutant 160: UpgradedTriangle.calculateArea(line 41, col 46)
            mutation operator group:   AOR
            mutation operator:         -(double,double) |==> *(double,double)
            original:                  s - c 
            mutant:                    s * c
[03/23 21:58:32] [INFO   ] org.mutationtesting.major.mutation.Mutator.nextMutant:
    Creating mutant 161
[03/23 21:58:32] [INFO   ] org.mutationtesting.major.mutation.Mutator.logMutant:
    Logging mutant 161: UpgradedTriangle.calculateArea(line 41, col 46)
            mutation operator group:   AOR
            mutation operator:         -(double,double) |==> +(double,double)
            original:                  s - c 
            mutant:                    s + c
[03/23 21:58:32] [INFO   ] org.mutationtesting.major.mutation.Mutator.nextMutant:
    Creating mutant 162
[03/23 21:58:32] [INFO   ] org.mutationtesting.major.mutation.Mutator.logMutant:
    Logging mutant 162: UpgradedTriangle.calculateArea(line 41, col 46)
            mutation operator group:   AOR
            mutation operator:         -(double,double) |==> /(double,double)
            original:                  s - c 
            mutant:                    s / c
[03/23 21:58:32] [INFO   ] org.mutationtesting.major.mutation.Mutator.nextMutant:
    Creating mutant 163
[03/23 21:58:32] [INFO   ] org.mutationtesting.major.mutation.Mutator.logMutant:
    Logging mutant 163: UpgradedTriangle.calculateArea(line 41, col 43)
            mutation operator group:   AOR
            mutation operator:         *(double,double) |==> %(double,double)
            original:                  s * (s - a) * (s - b) * (s - c) 
            mutant:                    s * (s - a) * (s - b) % (s - c)
[03/23 21:58:32] [INFO   ] org.mutationtesting.major.mutation.Mutator.nextMutant:
    Creating mutant 164
[03/23 21:58:32] [INFO   ] org.mutationtesting.major.mutation.Mutator.logMutant:
    Logging mutant 164: UpgradedTriangle.calculateArea(line 41, col 43)
            mutation operator group:   AOR
            mutation operator:         *(double,double) |==> +(double,double)
            original:                  s * (s - a) * (s - b) * (s - c) 
            mutant:                    s * (s - a) * (s - b) + (s - c)
[03/23 21:58:32] [INFO   ] org.mutationtesting.major.mutation.Mutator.nextMutant:
    Creating mutant 165
[03/23 21:58:32] [INFO   ] org.mutationtesting.major.mutation.Mutator.logMutant:
    Logging mutant 165: UpgradedTriangle.calculateArea(line 41, col 43)
            mutation operator group:   AOR
            mutation operator:         *(double,double) |==> -(double,double)
            original:                  s * (s - a) * (s - b) * (s - c) 
            mutant:                    s * (s - a) * (s - b) - (s - c)
[03/23 21:58:32] [INFO   ] org.mutationtesting.major.mutation.Mutator.nextMutant:
    Creating mutant 166
[03/23 21:58:32] [INFO   ] org.mutationtesting.major.mutation.Mutator.logMutant:
    Logging mutant 166: UpgradedTriangle.calculateArea(line 41, col 43)
            mutation operator group:   AOR
            mutation operator:         *(double,double) |==> /(double,double)
            original:                  s * (s - a) * (s - b) * (s - c) 
            mutant:                    s * (s - a) * (s - b) / (s - c)
[03/23 21:58:32] [INFO   ] org.mutationtesting.major.plugin.MajorPluginTaskListener.mutate:
    Generated 166 mutants (416 ms)
